            temp.lst				Sourcer	v5.10   13-Sep-21   7:47 am   Page 1

020A:0746  E8 0070		;*		call	sub_1			; (07B9)
020A:0746  E8 70 00				db	0E8h, 70h, 00h
020A:0749  06					push	es
020A:074A  1E					push	ds
020A:074B  50					push	ax
020A:074C  52					push	dx
020A:074D  B8 0040				mov	ax,40h
020A:0750  8E D8				mov	ds,ax
020A:0752  33 C0				xor	ax,ax			; Zero register
020A:0754  8E C0				mov	es,ax
020A:0756  FF 06 006C				inc	word ptr ds:[6Ch]	; (0040:006C=0C951h)
020A:075A  75 04				jnz	loc_1			; Jump if not zero
020A:075C  FF 06 006E				inc	word ptr ds:[6Eh]	; (0040:006E=7)
020A:0760			loc_1:
020A:0760  83 3E 006E 18			cmp	word ptr ds:[6Eh],18h	; (0040:006E=7)
020A:0765  75 15				jne	loc_2			; Jump if not equal
020A:0767  81 3E 006C 00B0			cmp	word ptr ds:[6Ch],0B0h	; (0040:006C=0C951h)
020A:076D  75 0D				jne	loc_2			; Jump if not equal
020A:076F  A3 006E				mov	word ptr ds:[6Eh],ax	; (0040:006E=7)
020A:0772  A3 006C				mov	word ptr ds:[6Ch],ax	; (0040:006C=0C951h)
020A:0775  C6 06 0070 01			mov	byte ptr ds:[70h],1	; (0040:0070=0)
020A:077A  0C 08				or	al,8
020A:077C			loc_2:
020A:077C  50					push	ax
020A:077D  FE 0E 0040				dec	byte ptr ds:[40h]	; (0040:0040=29h)
020A:0781  75 0B				jnz	loc_3			; Jump if not zero
020A:0783  80 26 003F F0			and	byte ptr ds:[3Fh],0F0h	; (0040:003F=0)
020A:0788  B0 0C				mov	al,0Ch
020A:078A  BA 03F2				mov	dx,3F2h
020A:078D  EE					out	dx,al			; port 3F2h, dsk0 contrl output
020A:078E			loc_3:
020A:078E  58					pop	ax
020A:078F  F7 06 0314 0004			test	word ptr ds:[314h],4	; (0040:0314=3200h)
020A:0795  75 0C				jnz	loc_4			; Jump if not zero
020A:0797  9F					lahf				; Load ah from flags
020A:0798  86 E0				xchg	ah,al
020A:079A  50					push	ax
020A:079B  26: FF 1E 0070			call	dword ptr es:[70h]	; (0000:0070=6ADh)
020A:07A0  EB 03				jmp	short loc_5		; (07A5)
020A:07A2  90					nop
020A:07A3			loc_4:
020A:07A3  CD 1C				int	1Ch			; Timer break (call each 18.2ms)
020A:07A5			loc_5:
020A:07A5  E8 0011				call	sub_1			; (07B9)
020A:07A8  B0 20				mov	al,20h			; ' '
020A:07AA  E6 20				out	20h,al			; port 20h, 8259-1 int command
										;  al = 20h, end of interrupt
020A:07AC  5A					pop	dx
020A:07AD  58					pop	ax
020A:07AE  1F					pop	ds
020A:07AF  07					pop	es
020A:07B0  E9 FE99				jmp	$-164h
020A:07B3  C4					db	0C4h
							                        ;* No entry point to code
020A:07B4  C4 0E 93E9				les	cx,dword ptr ds:[93E9h]	; (0000:93E9=1716h) Load 32 bit ptr
020A:07B8  FE					db	0FEh

           temp.lst				Sourcer	v5.10   13-Sep-21   7:47 am   Page 2

				;ﬂﬂﬂﬂﬂﬂﬂﬂﬂﬂﬂﬂﬂﬂﬂﬂﬂﬂﬂﬂﬂﬂﬂﬂﬂﬂﬂﬂﬂﬂﬂﬂﬂﬂﬂﬂﬂﬂﬂﬂﬂﬂﬂﬂﬂﬂﬂﬂﬂﬂﬂﬂﬂﬂﬂﬂﬂﬂﬂﬂﬂﬂﬂﬂﬂﬂﬂﬂﬂﬂﬂﬂﬂﬂ
				;                              SUBROUTINE
				;‹‹‹‹‹‹‹‹‹‹‹‹‹‹‹‹‹‹‹‹‹‹‹‹‹‹‹‹‹‹‹‹‹‹‹‹‹‹‹‹‹‹‹‹‹‹‹‹‹‹‹‹‹‹‹‹‹‹‹‹‹‹‹‹‹‹‹‹‹‹‹‹‹‹

				sub_1		proc	near
020A:07B9  1E					push	ds
020A:07BA  50					push	ax
020A:07BB  B8 0040				mov	ax,40h
020A:07BE  8E D8				mov	ds,ax
020A:07C0  9F					lahf				; Load ah from flags
020A:07C1  F7 06 0314 2400			test	word ptr ds:[314h],2400h	; (0040:0314=3200h)
020A:07C7  75 0C				jnz	loc_7			; Jump if not zero
020A:07C9  F0> 81 26 0314 FDFF	                           lock	and	word ptr ds:[314h],0FDFFh	; (0040:0314=3200h)
020A:07D0			loc_6:
020A:07D0  9E					sahf				; Store ah into flags
020A:07D1  58					pop	ax
020A:07D2  1F					pop	ds
020A:07D3  EB 03				jmp	short loc_8		; (07D8)
020A:07D5			loc_7:
020A:07D5  FA					cli				; Disable interrupts
020A:07D6  EB F8				jmp	short loc_6		; (07D0)
020A:07D8			loc_8:
020A:07D8  C3					retn
				sub_1		endp


				;ﬂﬂﬂﬂﬂﬂﬂﬂﬂﬂﬂﬂﬂﬂﬂﬂﬂﬂﬂﬂﬂﬂﬂﬂﬂﬂﬂﬂﬂﬂﬂﬂﬂﬂﬂﬂﬂﬂﬂﬂﬂﬂﬂﬂﬂﬂﬂﬂﬂﬂﬂﬂﬂﬂﬂﬂﬂﬂﬂﬂﬂﬂﬂﬂﬂﬂﬂﬂﬂﬂﬂﬂﬂﬂ
				;                              SUBROUTINE
				;‹‹‹‹‹‹‹‹‹‹‹‹‹‹‹‹‹‹‹‹‹‹‹‹‹‹‹‹‹‹‹‹‹‹‹‹‹‹‹‹‹‹‹‹‹‹‹‹‹‹‹‹‹‹‹‹‹‹‹‹‹‹‹‹‹‹‹‹‹‹‹‹‹‹

				sub_2		proc	near
020A:07D9  1E					push	ds
020A:07DA  50					push	ax
020A:07DB  B8 0040				mov	ax,40h
020A:07DE  8E D8				mov	ds,ax
020A:07E0  9F					lahf				; Load ah from flags
020A:07E1  F7 06 0314 0003			test	word ptr ds:[314h],3	; (0040:0314=3200h)
020A:07E7  75 14				jnz	loc_10			; Jump if not zero
020A:07E9  F7 06 0314 2400			test	word ptr ds:[314h],2400h	; (0040:0314=3200h)
020A:07EF  75 0C				jnz	loc_10			; Jump if not zero
020A:07F1  F0> 81 0E 0314 0200	                           lock	or	word ptr ds:[314h],200h	; (0040:0314=3200h)
020A:07F8			loc_9:
020A:07F8  9E					sahf				; Store ah into flags
020A:07F9  58					pop	ax
020A:07FA  1F					pop	ds
020A:07FB  EB 03				jmp	short loc_11		; (0800)
020A:07FD			loc_10:
020A:07FD  FB					sti				; Enable interrupts
020A:07FE  EB F8				jmp	short loc_9		; (07F8)
020A:0800			loc_11:
020A:0800  C3					retn
				sub_2		endp

020A:0801  00					db	0
020A:0802  0000			data_43		dw	0
020A:0804  0000			data_44		dw	0

           temp.lst				Sourcer	v5.10   13-Sep-21   7:47 am   Page 3

				;ﬂﬂﬂﬂﬂﬂﬂﬂﬂﬂﬂﬂﬂﬂﬂﬂﬂﬂﬂﬂﬂﬂﬂﬂﬂﬂﬂﬂﬂﬂﬂﬂﬂﬂﬂﬂﬂﬂﬂﬂﬂﬂﬂﬂﬂﬂﬂﬂﬂﬂﬂﬂﬂﬂﬂﬂﬂﬂﬂﬂﬂﬂﬂﬂﬂﬂﬂﬂﬂﬂﬂﬂﬂﬂ
				;                              SUBROUTINE
				;‹‹‹‹‹‹‹‹‹‹‹‹‹‹‹‹‹‹‹‹‹‹‹‹‹‹‹‹‹‹‹‹‹‹‹‹‹‹‹‹‹‹‹‹‹‹‹‹‹‹‹‹‹‹‹‹‹‹‹‹‹‹‹‹‹‹‹‹‹‹‹‹‹‹

				sub_3		proc	near
020A:0806  2E: FF 06 0804			inc	cs:data_44		; (020A:0804=0)
020A:080B  3D 13FF				cmp	ax,13FFh
020A:080E  75 5B				jne	loc_14			; Jump if not equal
020A:0810  83 F9 01				cmp	cx,1
020A:0813  74 40				je	loc_12			; Jump if equal
020A:0815  56					push	si
020A:0816  BE 00A4				mov	si,0A4h
020A:0819  2E: 2B 36 0802			sub	si,cs:data_43		; (020A:0802=0)
020A:081E  3B CE				cmp	cx,si
020A:0820  73 3E				jae	loc_13			; Jump if above or =
020A:0822  57					push	di
020A:0823  51					push	cx
020A:0824  52					push	dx
020A:0825  1E					push	ds
020A:0826  06					push	es
020A:0827  8C C2				mov	dx,es
020A:0829  8E DA				mov	ds,dx
020A:082B  BA B000				mov	dx,0B000h
020A:082E  8E C2				mov	es,dx
020A:0830  8B D1				mov	dx,cx
020A:0832  8B F7				mov	si,di
020A:0834  2E: 8B 3E 0802			mov	di,cs:data_43		; (020A:0802=0)
020A:0839  FC					cld				; Clear direction
020A:083A  D1 E9				shr	cx,1			; Shift w/zeros fill
020A:083C  F3/ A5				rep	movsw			; Rep when cx >0 Mov [si] to es:[di]
020A:083E  80 D1 00				adc	cl,0
020A:0841  F3/ A4				rep	movsb			; Rep when cx >0 Mov [si] to es:[di]
020A:0843  2E: 01 16 0802			add	cs:data_43,dx		; (020A:0802=0)
020A:0848  07					pop	es
020A:0849  1F					pop	ds
020A:084A  5A					pop	dx
020A:084B  59					pop	cx
020A:084C  5F					pop	di
020A:084D  5E					pop	si
020A:084E  F9					stc				; Set carry flag
020A:084F  2E: FF 0E 0804			dec	cs:data_44		; (020A:0804=0)
020A:0854  C3					retn
020A:0855			loc_12:
020A:0855  50					push	ax
020A:0856  B4 0E				mov	ah,0Eh
020A:0858  26: 8A 05				mov	al,es:[di]
020A:085B  E8 0012				call	sub_4			; (0870)
020A:085E  58					pop	ax
020A:085F  C3					retn
020A:0860			loc_13:
020A:0860  5E					pop	si
020A:0861  2E: FF 0E 0804			dec	cs:data_44		; (020A:0804=0)
020A:0866  C4					db	0C4h
020A:0867  C4 42 F9				les	ax,dword ptr [bp+si-7]	; Load 32 bit ptr
020A:086A  C3					retn
020A:086B			loc_14:
020A:086B  80 FC 0E				cmp	ah,0Eh
           temp.lst				Sourcer	v5.10   13-Sep-21   7:47 am   Page 4

020A:086E  75 28				jne	loc_15			; Jump if not equal

				;ﬂﬂﬂﬂ External Entry into Subroutine ﬂﬂﬂﬂﬂﬂﬂﬂﬂﬂﬂﬂﬂﬂﬂﬂﬂﬂﬂﬂﬂﬂﬂﬂﬂﬂﬂﬂﬂﬂﬂﬂﬂﬂﬂﬂﬂﬂ

				sub_4:
020A:0870  56					push	si
020A:0871  2E: 8B 36 0802			mov	si,cs:data_43		; (020A:0802=0)
020A:0876  81 FE 00A4				cmp	si,0A4h
020A:087A  73 E4				jae	loc_13			; Jump if above or =
020A:087C  1E					push	ds
020A:087D  BE B000				mov	si,0B000h
020A:0880  8E DE				mov	ds,si
020A:0882  2E: 8B 36 0802			mov	si,cs:data_43		; (020A:0802=0)
020A:0887  88 04				mov	[si],al
020A:0889  46					inc	si
020A:088A  2E: 89 36 0802			mov	cs:data_43,si		; (020A:0802=0)
020A:088F  1F					pop	ds
020A:0890  5E					pop	si
020A:0891  F9					stc				; Set carry flag
020A:0892  2E: FF 0E 0804			dec	cs:data_44		; (020A:0804=0)
020A:0897  C3					retn
020A:0898			loc_15:
020A:0898  50					push	ax
020A:0899  B8 13FE				mov	ax,13FEh
020A:089C  C4					db	0C4h
020A:089D  C4 42 58				les	ax,dword ptr [bp+si+58h]	; Load 32 bit ptr
020A:08A0  F8					clc				; Clear carry flag
020A:08A1  2E: FF 0E 0804			dec	cs:data_44		; (020A:0804=0)
020A:08A6  C3					retn
				sub_3		endp

020A:08A7  00			data_45		db	0
020A:08A8  00			data_46		db	0
020A:08A9  2E: 80 3E 08A7 02			cmp	cs:data_45,2		; (020A:08A7=0)
020A:08AF  75 05				jne	loc_16			; Jump if not equal
020A:08B1  E8 FF52				call	sub_3			; (0806)
020A:08B4  72 5F				jc	loc_22			; Jump if carry Set
020A:08B6			loc_16:
020A:08B6  2E: 80 3E 08A7 01			cmp	cs:data_45,1		; (020A:08A7=0)
020A:08BC  74 5D				je	loc_24			; Jump if equal
020A:08BE  80 FC 00				cmp	ah,0
020A:08C1  74 30				je	loc_20			; Jump if equal
020A:08C3  80 FC 1C				cmp	ah,1Ch
020A:08C6  77 0B				ja	loc_17			; Jump if above
020A:08C8  80 FC 04				cmp	ah,4
020A:08CB  74 20				je	loc_19			; Jump if equal
020A:08CD  C4					db	0C4h
020A:08CE  C4 42 EB				les	ax,dword ptr [bp+si-15h]	; Load 32 bit ptr
020A:08D1  43					inc	bx
020A:08D2  90					nop
020A:08D3			loc_17:
020A:08D3  80 FC 4F				cmp	ah,4Fh			; 'O'
020A:08D6  75 06				jne	loc_18			; Jump if not equal
020A:08D8  C4					db	0C4h
020A:08D9  C4 BE 73EB				les	di,dword ptr [bp+73EBh]	; Load 32 bit ptr
020A:08DD  90					nop
020A:08DE			loc_18:
           temp.lst				Sourcer	v5.10   13-Sep-21   7:47 am   Page 5

020A:08DE  80 FC F0				cmp	ah,0F0h
020A:08E1  72 35				jb	loc_23			; Jump if below
020A:08E3  80 FC F7				cmp	ah,0F7h
020A:08E6  76 05				jbe	loc_19			; Jump if below or =
020A:08E8  80 FC FA				cmp	ah,0FAh
020A:08EB  75 2B				jne	loc_23			; Jump if not equal
020A:08ED			loc_19:
020A:08ED  C4					db	0C4h
020A:08EE  C4 BE 23EB				les	di,dword ptr [bp+23EBh]	; Load 32 bit ptr
020A:08F2  90					nop
020A:08F3			loc_20:
020A:08F3  2E: C6 06 08A8 01			mov	cs:data_46,1		; (020A:08A8=0)
020A:08F9  C4					db	0C4h
020A:08FA  C4 BE 9090				les	di,dword ptr [bp-6F70h]	; Load 32 bit ptr
020A:08FE  50					push	ax
020A:08FF  25 007F				and	ax,7Fh
020A:0902  3C 03				cmp	al,3
020A:0904  76 08				jbe	loc_21			; Jump if below or =
020A:0906  3C 07				cmp	al,7
020A:0908  74 04				je	loc_21			; Jump if equal
020A:090A  58					pop	ax
020A:090B  EB 0E				jmp	short loc_24		; (091B)
020A:090D  90					nop
020A:090E			loc_21:
020A:090E  58					pop	ax
020A:090F  2E: C6 06 08A8 00			mov	cs:data_46,0		; (020A:08A8=0)
020A:0915			loc_22:
020A:0915  E9 FD34				jmp	$-2C9h
020A:0918			loc_23:
020A:0918  F9					stc				; Set carry flag
020A:0919  EB FA				jmp	short loc_22		; (0915)
020A:091B			loc_24:
020A:091B  2E: C6 06 08A8 00			mov	cs:data_46,0		; (020A:08A8=0)
020A:0921  3D 13FF				cmp	ax,13FFh
020A:0924  74 2F				je	loc_28			; Jump if equal
020A:0926  80 FC F0				cmp	ah,0F0h
020A:0929  72 0D				jb	loc_25			; Jump if below
020A:092B  80 FC F7				cmp	ah,0F7h
020A:092E  76 BD				jbe	loc_19			; Jump if below or =
020A:0930  80 FC FA				cmp	ah,0FAh
020A:0933  74 B8				je	loc_19			; Jump if equal
020A:0935  EB 19				jmp	short loc_27		; (0950)
020A:0937  90					nop
020A:0938			loc_25:
020A:0938  80 FC 04				cmp	ah,4
020A:093B  74 B0				je	loc_19			; Jump if equal
020A:093D  80 FC 00				cmp	ah,0
020A:0940  75 06				jne	loc_26			; Jump if not equal
020A:0942  C4					db	0C4h
020A:0943  C4 BE 09EB				les	di,dword ptr [bp+9EBh]	; Load 32 bit ptr
020A:0947  90					nop
020A:0948			loc_26:
020A:0948  80 FC 11				cmp	ah,11h
020A:094B  75 03				jne	loc_27			; Jump if not equal
020A:094D  C4					db	0C4h
020A:094E  C4 BE 22EA				les	di,dword ptr [bp+22EAh]	; Load 32 bit ptr
020A:0952  00 00				add	[bx+si],al
           temp.lst				Sourcer	v5.10   13-Sep-21   7:47 am   Page 6

020A:0954  C0					db	0C0h
020A:0955			loc_28:
020A:0955  56					push	si
020A:0956  57					push	di
020A:0957  55					push	bp

020A:0958			locloop_29:
020A:0958  BA 0046				mov	dx,46h
020A:095B  52					push	dx
020A:095C  0E					push	cs
020A:095D  BB 096C				mov	bx,96Ch
020A:0960  53					push	bx
020A:0961  BB 0007				mov	bx,7
020A:0964  B4 0E				mov	ah,0Eh
020A:0966  26: 8A 05				mov	al,es:[di]
020A:0969  47					inc	di
020A:096A  EB E4		;*		jmp	short loc_27		;*(0950)
020A:096A  EB E4				db	0EBh,0E4h
							                        ;* No entry point to code
020A:096C  E2 EA				loop	locloop_29		; Loop if cx > 0

020A:096E  5D					pop	bp
020A:096F  5F					pop	di
020A:0970  5E					pop	si
020A:0971  B8 0001				mov	ax,1
020A:0974			loc_30:
020A:0974  EB 9F				jmp	short loc_22		; (0915)
							                        ;* No entry point to code
020A:0976  2E: 80 3E 08A7 02			cmp	cs:data_45,2		; (020A:08A7=0)
020A:097C  75 05				jne	loc_31			; Jump if not equal
020A:097E  E8 FE85				call	sub_3			; (0806)
020A:0981  72 F1				jc	loc_30			; Jump if carry Set
020A:0983			loc_31:
020A:0983  2E: 80 3E 08A7 01			cmp	cs:data_45,1		; (020A:08A7=0)
020A:0989  74 06				je	loc_32			; Jump if equal
020A:098B  C4					db	0C4h
020A:098C  C4 10				les	dx,dword ptr [bx+si]	; Load 32 bit ptr
020A:098E  E9 FCBB				jmp	$-342h
020A:0991			loc_32:
020A:0991  80 FC 13				cmp	ah,13h
020A:0994  75 04				jne	loc_33			; Jump if not equal
020A:0996  3C FF				cmp	al,0FFh
020A:0998  74 BB				je	loc_28			; Jump if equal
020A:099A			loc_33:
020A:099A  EA F000:FF53		;*		jmp	far ptr loc_120		;*(F000:FF53)
020A:099A  EA					db	0EAh
020A:099B  FF53 F000				dw	0FF53h, 0F000h
020A:099F  CD 10				int	10h			; Video display   ah=functn 00h
										;  set display mode in al
020A:09A1  C4					db	0C4h
020A:09A2  C4					db	0C4h
020A:09A3  FE C4				inc	ah
020A:09A5  C4 11				les	dx,dword ptr [bx+di]	; Load 32 bit ptr
020A:09A7  E9 FCA2				jmp	$-35Bh
020A:09AA  C4					db	0C4h
							                        ;* No entry point to code
020A:09AB  C4 12				les	dx,dword ptr [bp+si]	; Load 32 bit ptr
           temp.lst				Sourcer	v5.10   13-Sep-21   7:47 am   Page 7

020A:09AD  E9 FC9C				jmp	$-361h
020A:09B0  C4					db	0C4h
							                        ;* No entry point to code
020A:09B1  C4 14				les	dx,dword ptr [si]	; Load 32 bit ptr
020A:09B3  E9 FC96				jmp	$-367h
020A:09B6  87 DB				xchg	bx,bx
020A:09B8  0000			data_47		dw	0
020A:09BA  00 00				add	[bx+si],al
020A:09BC  0B5E			data_48		dw	0B5Eh
020A:09BE  00 00				add	[bx+si],al
020A:09C0  0032			data_49		dw	32h
020A:09C2  00 00				add	[bx+si],al
020A:09C4  1E					push	ds
020A:09C5  53					push	bx
020A:09C6  BB 0040				mov	bx,40h
020A:09C9  8E DB				mov	ds,bx
020A:09CB  80 FC 10				cmp	ah,10h
020A:09CE  E8 FDE8				call	sub_1			; (07B9)
020A:09D1  72 03				jc	loc_34			; Jump if carry Set
020A:09D3  E9 00E0				jmp	loc_48			; (0AB6)
020A:09D6			loc_34:
020A:09D6  0A E4				or	ah,ah			; Zero ?
020A:09D8  74 3E				jz	loc_39			; Jump if zero
020A:09DA  FE CC				dec	ah
020A:09DC  74 74				jz	loc_43			; Jump if zero
020A:09DE  FE CC				dec	ah
020A:09E0  74 11				jz	loc_36			; Jump if zero
020A:09E2  FE CC				dec	ah
020A:09E4  74 08				jz	loc_35			; Jump if zero
020A:09E6  FE CC				dec	ah
020A:09E8  74 04				jz	loc_35			; Jump if zero
020A:09EA  FE CC				dec	ah
020A:09EC  74 0A				jz	loc_37			; Jump if zero
020A:09EE			loc_35:
020A:09EE  5B					pop	bx
020A:09EF  1F					pop	ds
020A:09F0  E9 FC59				jmp	$-3A4h
020A:09F3			loc_36:
020A:09F3  A0 0017				mov	al,byte ptr data_2+1	; (020A:0017=0)
020A:09F6  EB F6				jmp	short loc_35		; (09EE)
020A:09F8			loc_37:
020A:09F8  56					push	si
020A:09F9  8B 1E 001C				mov	bx,word ptr data_5+2	; (020A:001C=148Fh)
020A:09FD  8B F3				mov	si,bx
020A:09FF  E8 01B9				call	sub_9			; (0BBB)
020A:0A02  3B 1E 001A				cmp	bx,word ptr ds:[1Ah]	; (020A:001A=0AE9Ch)
020A:0A06  74 0B				je	loc_38			; Jump if equal
020A:0A08  89 0C				mov	[si],cx
020A:0A0A  89 1E 001C				mov	word ptr data_5+2,bx	; (020A:001C=148Fh)
020A:0A0E  B0 00				mov	al,0
020A:0A10  5E					pop	si
020A:0A11  EB DB				jmp	short loc_35		; (09EE)
020A:0A13			loc_38:
020A:0A13  B0 01				mov	al,1
020A:0A15  5E					pop	si
020A:0A16  EB D6				jmp	short loc_35		; (09EE)
020A:0A18			loc_39:
           temp.lst				Sourcer	v5.10   13-Sep-21   7:47 am   Page 8

020A:0A18  8B 1E 001A				mov	bx,word ptr ds:[1Ah]	; (020A:001A=0AE9Ch)
020A:0A1C  3B 1E 001C				cmp	bx,word ptr data_5+2	; (020A:001C=148Fh)
020A:0A20  75 13				jne	loc_41			; Jump if not equal
020A:0A22  E8 FDB4				call	sub_2			; (07D9)
020A:0A25  B8 9002				mov	ax,9002h
020A:0A28  CD 15				int	15h			; General services, ah=func 90h
										;  device busy, al=type,
										;   es:bx=ptr of request block
020A:0A2A			loc_40:
020A:0A2A  E8 FD8C				call	sub_1			; (07B9)
020A:0A2D  8B 1E 001A				mov	bx,word ptr ds:[1Ah]	; (020A:001A=0AE9Ch)
020A:0A31  3B 1E 001C				cmp	bx,word ptr data_5+2	; (020A:001C=148Fh)
020A:0A35			loc_41:
020A:0A35  E8 0190				call	sub_10			; (0BC8)
020A:0A38  75 05				jnz	loc_42			; Jump if not zero
020A:0A3A  E8 00E3				call	sub_5			; (0B20)
020A:0A3D  EB EB				jmp	short loc_40		; (0A2A)
020A:0A3F			loc_42:
020A:0A3F  8B 07				mov	ax,[bx]
020A:0A41  E8 0177				call	sub_9			; (0BBB)
020A:0A44  89 1E 001A				mov	word ptr ds:[1Ah],bx	; (020A:001A=0AE9Ch)
020A:0A48  E8 0129				call	sub_8			; (0B74)
020A:0A4B  72 DD				jc	loc_40			; Jump if carry Set
020A:0A4D  E8 00FC				call	sub_6			; (0B4C)
020A:0A50  EB 9C				jmp	short loc_35		; (09EE)
020A:0A52			loc_43:
020A:0A52  8B 1E 001A				mov	bx,word ptr ds:[1Ah]	; (020A:001A=0AE9Ch)
020A:0A56  3B 1E 001C				cmp	bx,word ptr data_5+2	; (020A:001C=148Fh)
020A:0A5A  8B 07				mov	ax,[bx]
020A:0A5C  E8 0169				call	sub_10			; (0BC8)
020A:0A5F  74 2F				jz	loc_45			; Jump if zero
020A:0A61  E8 00E8				call	sub_6			; (0B4C)
020A:0A64  E8 010D				call	sub_8			; (0B74)
020A:0A67  E8 FD6F				call	sub_2			; (07D9)
020A:0A6A  73 45				jnc	loc_47			; Jump if carry=0
020A:0A6C  E8 014C				call	sub_9			; (0BBB)
020A:0A6F  89 1E 001A				mov	word ptr ds:[1Ah],bx	; (020A:001A=0AE9Ch)
020A:0A73  EB DD				jmp	short loc_43		; (0A52)
020A:0A75			loc_44:
020A:0A75  8B 1E 001A				mov	bx,word ptr ds:[1Ah]	; (020A:001A=0AE9Ch)
020A:0A79  3B 1E 001C				cmp	bx,word ptr data_5+2	; (020A:001C=148Fh)
020A:0A7D  8B 07				mov	ax,[bx]
020A:0A7F  E8 0146				call	sub_10			; (0BC8)
020A:0A82  74 0C				jz	loc_45			; Jump if zero
020A:0A84  E8 00C5				call	sub_6			; (0B4C)
020A:0A87  E8 00D1				call	sub_7			; (0B5B)
020A:0A8A  E8 FD4C				call	sub_2			; (07D9)
020A:0A8D  EB 22				jmp	short loc_47		; (0AB1)
020A:0A8F  90					nop
020A:0A90			loc_45:
020A:0A90  E8 FD46				call	sub_2			; (07D9)
020A:0A93  50					push	ax
020A:0A94  9F					lahf				; Load ah from flags
020A:0A95  50					push	ax
020A:0A96  2E: A1 09B8				mov	ax,cs:data_47		; (020A:09B8=0)
020A:0A9A  2E: 3B 06 09C0			cmp	ax,cs:data_49		; (020A:09C0=32h)
020A:0A9F  72 08				jb	loc_46			; Jump if below
           temp.lst				Sourcer	v5.10   13-Sep-21   7:47 am   Page 9

020A:0AA1  B4 01				mov	ah,1
020A:0AA3  C4					db	0C4h
020A:0AA4  C4 16 06EB				les	dx,dword ptr ds:[6EBh]	; (020A:06EB=52D2h) Load 32 bit ptr
020A:0AA8  90					nop
020A:0AA9			loc_46:
020A:0AA9  2E: FF 06 09BC			inc	cs:data_48		; (020A:09BC=8Eh)
020A:0AAE  58					pop	ax
020A:0AAF  9E					sahf				; Store ah into flags
020A:0AB0  58					pop	ax
020A:0AB1			loc_47:
020A:0AB1  5B					pop	bx
020A:0AB2  1F					pop	ds
020A:0AB3  CA 0002				retf	2			; Return far
020A:0AB6			loc_48:
020A:0AB6  80 EC 10				sub	ah,10h
020A:0AB9  74 2C				jz	loc_50			; Jump if zero
020A:0ABB  FE CC				dec	ah
020A:0ABD  74 B6				jz	loc_44			; Jump if zero
020A:0ABF  FE CC				dec	ah
020A:0AC1  74 03				jz	loc_49			; Jump if zero
020A:0AC3  E9 FF28				jmp	loc_35			; (09EE)
020A:0AC6			loc_49:
020A:0AC6  A0 0018				mov	al,byte ptr data_2+2	; (020A:0018=0)
020A:0AC9  8A E0				mov	ah,al
020A:0ACB  24 04				and	al,4
020A:0ACD  51					push	cx
020A:0ACE  B1 05				mov	cl,5
020A:0AD0  D2 E0				shl	al,cl			; Shift w/zeros fill
020A:0AD2  59					pop	cx
020A:0AD3  80 E4 73				and	ah,73h			; 's'
020A:0AD6  0A C4				or	al,ah
020A:0AD8  8A 26 0096				mov	ah,byte ptr ds:[96h]	; (020A:0096=0)
020A:0ADC  80 E4 0C				and	ah,0Ch
020A:0ADF  0A E0				or	ah,al
020A:0AE1  A0 0017				mov	al,byte ptr data_2+1	; (020A:0017=0)
020A:0AE4  E9 FF07				jmp	loc_35			; (09EE)
020A:0AE7			loc_50:
020A:0AE7  8B 1E 001A				mov	bx,word ptr ds:[1Ah]	; (020A:001A=0AE9Ch)
020A:0AEB  3B 1E 001C				cmp	bx,word ptr data_5+2	; (020A:001C=148Fh)
020A:0AEF  75 13				jne	loc_52			; Jump if not equal
020A:0AF1  E8 FCE5				call	sub_2			; (07D9)
020A:0AF4  B8 9002				mov	ax,9002h
020A:0AF7  CD 15				int	15h			; General services, ah=func 90h
										;  device busy, al=type,
										;   es:bx=ptr of request block
020A:0AF9			loc_51:
020A:0AF9  E8 FCBD				call	sub_1			; (07B9)
020A:0AFC  8B 1E 001A				mov	bx,word ptr ds:[1Ah]	; (020A:001A=0AE9Ch)
020A:0B00  3B 1E 001C				cmp	bx,word ptr data_5+2	; (020A:001C=148Fh)
020A:0B04			loc_52:
020A:0B04  E8 00C1				call	sub_10			; (0BC8)
020A:0B07  75 05				jnz	loc_53			; Jump if not zero
020A:0B09  E8 0014				call	sub_5			; (0B20)
020A:0B0C  EB EB				jmp	short loc_51		; (0AF9)
020A:0B0E			loc_53:
020A:0B0E  8B 07				mov	ax,[bx]
020A:0B10  E8 00A8				call	sub_9			; (0BBB)
           temp.lst				Sourcer	v5.10   13-Sep-21   7:47 am   Page 10

020A:0B13  89 1E 001A				mov	word ptr ds:[1Ah],bx	; (020A:001A=0AE9Ch)
020A:0B17  E8 0041				call	sub_7			; (0B5B)
020A:0B1A  E8 002F				call	sub_6			; (0B4C)
020A:0B1D  E9 FECE				jmp	loc_35			; (09EE)

				;ﬂﬂﬂﬂﬂﬂﬂﬂﬂﬂﬂﬂﬂﬂﬂﬂﬂﬂﬂﬂﬂﬂﬂﬂﬂﬂﬂﬂﬂﬂﬂﬂﬂﬂﬂﬂﬂﬂﬂﬂﬂﬂﬂﬂﬂﬂﬂﬂﬂﬂﬂﬂﬂﬂﬂﬂﬂﬂﬂﬂﬂﬂﬂﬂﬂﬂﬂﬂﬂﬂﬂﬂﬂﬂ
				;                              SUBROUTINE
				;‹‹‹‹‹‹‹‹‹‹‹‹‹‹‹‹‹‹‹‹‹‹‹‹‹‹‹‹‹‹‹‹‹‹‹‹‹‹‹‹‹‹‹‹‹‹‹‹‹‹‹‹‹‹‹‹‹‹‹‹‹‹‹‹‹‹‹‹‹‹‹‹‹‹

				sub_5		proc	near
020A:0B20  50					push	ax
020A:0B21  E8 FCB5				call	sub_2			; (07D9)
020A:0B24  B4 02				mov	ah,2
020A:0B26  C4					db	0C4h
020A:0B27  C4 16 1E8B				les	dx,dword ptr ds:[1E8Bh]	; (020A:1E8B=0) Load 32 bit ptr
020A:0B2B  1A 00				sbb	al,[bx+si]
020A:0B2D  3B 1E 001C				cmp	bx,word ptr data_5+2	; (020A:001C=148Fh)
020A:0B31  75 17				jne	loc_56			; Jump if not equal
020A:0B33  2E: A1 09B8				mov	ax,cs:data_47		; (020A:09B8=0)
020A:0B37  2E: 3B 06 09C0			cmp	ax,cs:data_49		; (020A:09C0=32h)
020A:0B3C  73 07				jae	loc_55			; Jump if above or =
020A:0B3E  2E: FF 06 09BC			inc	cs:data_48		; (020A:09BC=108h)
020A:0B43  EB E4		;*		jmp	short loc_54		;*(0B29)
020A:0B43  EB E4				db	0EBh,0E4h
020A:0B45			loc_55:
020A:0B45  B4 01				mov	ah,1
020A:0B47  C4					db	0C4h
020A:0B48  C4 16 C358				les	dx,dword ptr ds:[0C358h]	; (020A:C358=0FF2Eh) Load 32 bit ptr

				;ﬂﬂﬂﬂ External Entry into Subroutine ﬂﬂﬂﬂﬂﬂﬂﬂﬂﬂﬂﬂﬂﬂﬂﬂﬂﬂﬂﬂﬂﬂﬂﬂﬂﬂﬂﬂﬂﬂﬂﬂﬂﬂﬂﬂﬂﬂ

				sub_6:
020A:0B4C  2E: C7 06 09B8 0000			mov	cs:data_47,0		; (020A:09B8=0)
020A:0B53  2E: C7 06 09BC 0000			mov	cs:data_48,0		; (020A:09BC=118h)
020A:0B5A  C3					retn
				sub_5		endp


				;ﬂﬂﬂﬂﬂﬂﬂﬂﬂﬂﬂﬂﬂﬂﬂﬂﬂﬂﬂﬂﬂﬂﬂﬂﬂﬂﬂﬂﬂﬂﬂﬂﬂﬂﬂﬂﬂﬂﬂﬂﬂﬂﬂﬂﬂﬂﬂﬂﬂﬂﬂﬂﬂﬂﬂﬂﬂﬂﬂﬂﬂﬂﬂﬂﬂﬂﬂﬂﬂﬂﬂﬂﬂﬂ
				;                              SUBROUTINE
				;‹‹‹‹‹‹‹‹‹‹‹‹‹‹‹‹‹‹‹‹‹‹‹‹‹‹‹‹‹‹‹‹‹‹‹‹‹‹‹‹‹‹‹‹‹‹‹‹‹‹‹‹‹‹‹‹‹‹‹‹‹‹‹‹‹‹‹‹‹‹‹‹‹‹

				sub_7		proc	near
020A:0B5B  53					push	bx
020A:0B5C  50					push	ax
020A:0B5D  9F					lahf				; Load ah from flags
020A:0B5E  8B D8				mov	bx,ax
020A:0B60  58					pop	ax
020A:0B61  53					push	bx
020A:0B62  3C F0				cmp	al,0F0h
020A:0B64  75 06				jne	loc_57			; Jump if not equal
020A:0B66  0A E4				or	ah,ah			; Zero ?
020A:0B68  74 02				jz	loc_57			; Jump if zero
020A:0B6A  32 C0				xor	al,al			; Zero register
020A:0B6C			loc_57:
020A:0B6C  8B D8				mov	bx,ax
020A:0B6E  58					pop	ax
           temp.lst				Sourcer	v5.10   13-Sep-21   7:47 am   Page 11

020A:0B6F  9E					sahf				; Store ah into flags
020A:0B70  8B C3				mov	ax,bx
020A:0B72  5B					pop	bx
020A:0B73  C3					retn
				sub_7		endp


				;ﬂﬂﬂﬂﬂﬂﬂﬂﬂﬂﬂﬂﬂﬂﬂﬂﬂﬂﬂﬂﬂﬂﬂﬂﬂﬂﬂﬂﬂﬂﬂﬂﬂﬂﬂﬂﬂﬂﬂﬂﬂﬂﬂﬂﬂﬂﬂﬂﬂﬂﬂﬂﬂﬂﬂﬂﬂﬂﬂﬂﬂﬂﬂﬂﬂﬂﬂﬂﬂﬂﬂﬂﬂﬂ
				;                              SUBROUTINE
				;‹‹‹‹‹‹‹‹‹‹‹‹‹‹‹‹‹‹‹‹‹‹‹‹‹‹‹‹‹‹‹‹‹‹‹‹‹‹‹‹‹‹‹‹‹‹‹‹‹‹‹‹‹‹‹‹‹‹‹‹‹‹‹‹‹‹‹‹‹‹‹‹‹‹

				sub_8		proc	near
020A:0B74  53					push	bx
020A:0B75  50					push	ax
020A:0B76  9F					lahf				; Load ah from flags
020A:0B77  8B D8				mov	bx,ax
020A:0B79  58					pop	ax
020A:0B7A  53					push	bx
020A:0B7B  80 FC E0				cmp	ah,0E0h
020A:0B7E  75 0F				jne	loc_58			; Jump if not equal
020A:0B80  B4 1C				mov	ah,1Ch
020A:0B82  3C 0D				cmp	al,0Dh
020A:0B84  74 23				je	loc_60			; Jump if equal
020A:0B86  3C 0A				cmp	al,0Ah
020A:0B88  74 1F				je	loc_60			; Jump if equal
020A:0B8A  B4 35				mov	ah,35h			; '5'
020A:0B8C  EB 1B				jmp	short loc_60		; (0BA9)
020A:0B8E  90					nop
020A:0B8F			loc_58:
020A:0B8F  80 FC 84				cmp	ah,84h
020A:0B92  77 1E				ja	loc_61			; Jump if above
020A:0B94  3C F0				cmp	al,0F0h
020A:0B96  75 07				jne	loc_59			; Jump if not equal
020A:0B98  0A E4				or	ah,ah			; Zero ?
020A:0B9A  74 0D				jz	loc_60			; Jump if zero
020A:0B9C  EB 14				jmp	short loc_61		; (0BB2)
020A:0B9E  90					nop
020A:0B9F			loc_59:
020A:0B9F  3C E0				cmp	al,0E0h
020A:0BA1  75 06				jne	loc_60			; Jump if not equal
020A:0BA3  0A E4				or	ah,ah			; Zero ?
020A:0BA5  74 02				jz	loc_60			; Jump if zero
020A:0BA7  32 C0				xor	al,al			; Zero register
020A:0BA9			loc_60:
020A:0BA9  8B D8				mov	bx,ax
020A:0BAB  58					pop	ax
020A:0BAC  9E					sahf				; Store ah into flags
020A:0BAD  8B C3				mov	ax,bx
020A:0BAF  5B					pop	bx
020A:0BB0  F8					clc				; Clear carry flag
020A:0BB1  C3					retn
020A:0BB2			loc_61:
020A:0BB2  8B D8				mov	bx,ax
020A:0BB4  58					pop	ax
020A:0BB5  9E					sahf				; Store ah into flags
020A:0BB6  8B C3				mov	ax,bx
020A:0BB8  5B					pop	bx
           temp.lst				Sourcer	v5.10   13-Sep-21   7:47 am   Page 12

020A:0BB9  F9					stc				; Set carry flag
020A:0BBA  C3					retn
				sub_8		endp


				;ﬂﬂﬂﬂﬂﬂﬂﬂﬂﬂﬂﬂﬂﬂﬂﬂﬂﬂﬂﬂﬂﬂﬂﬂﬂﬂﬂﬂﬂﬂﬂﬂﬂﬂﬂﬂﬂﬂﬂﬂﬂﬂﬂﬂﬂﬂﬂﬂﬂﬂﬂﬂﬂﬂﬂﬂﬂﬂﬂﬂﬂﬂﬂﬂﬂﬂﬂﬂﬂﬂﬂﬂﬂﬂ
				;                              SUBROUTINE
				;‹‹‹‹‹‹‹‹‹‹‹‹‹‹‹‹‹‹‹‹‹‹‹‹‹‹‹‹‹‹‹‹‹‹‹‹‹‹‹‹‹‹‹‹‹‹‹‹‹‹‹‹‹‹‹‹‹‹‹‹‹‹‹‹‹‹‹‹‹‹‹‹‹‹

				sub_9		proc	near
020A:0BBB  43					inc	bx
020A:0BBC  43					inc	bx
020A:0BBD  3B 1E 0082				cmp	bx,word ptr ds:[82h]	; (020A:0082=10h)
020A:0BC1  75 04				jne	loc_62			; Jump if not equal
020A:0BC3  8B 1E 0080				mov	bx,word ptr ds:[80h]	; (020A:0080=1850h)
020A:0BC7			loc_62:
020A:0BC7  C3					retn
				sub_9		endp


				;ﬂﬂﬂﬂﬂﬂﬂﬂﬂﬂﬂﬂﬂﬂﬂﬂﬂﬂﬂﬂﬂﬂﬂﬂﬂﬂﬂﬂﬂﬂﬂﬂﬂﬂﬂﬂﬂﬂﬂﬂﬂﬂﬂﬂﬂﬂﬂﬂﬂﬂﬂﬂﬂﬂﬂﬂﬂﬂﬂﬂﬂﬂﬂﬂﬂﬂﬂﬂﬂﬂﬂﬂﬂﬂ
				;                              SUBROUTINE
				;‹‹‹‹‹‹‹‹‹‹‹‹‹‹‹‹‹‹‹‹‹‹‹‹‹‹‹‹‹‹‹‹‹‹‹‹‹‹‹‹‹‹‹‹‹‹‹‹‹‹‹‹‹‹‹‹‹‹‹‹‹‹‹‹‹‹‹‹‹‹‹‹‹‹

				sub_10		proc	near
020A:0BC8  53					push	bx
020A:0BC9  51					push	cx
020A:0BCA  50					push	ax
020A:0BCB  9F					lahf				; Load ah from flags
020A:0BCC  50					push	ax
020A:0BCD  A0 0017				mov	al,byte ptr data_2+1	; (020A:0017=0)
020A:0BD0  24 70				and	al,70h			; 'p'
020A:0BD2  B1 04				mov	cl,4
020A:0BD4  D2 E8				shr	al,cl			; Shift w/zeros fill
020A:0BD6  24 07				and	al,7
020A:0BD8  8A 1E 0097				mov	bl,byte ptr ds:[97h]	; (020A:0097=0)
020A:0BDC  32 D8				xor	bl,al
020A:0BDE  80 E3 07				and	bl,7
020A:0BE1  74 25				jz	loc_63			; Jump if zero
020A:0BE3  F6 06 0097 40			test	byte ptr ds:[97h],40h	; (020A:0097=0) '@'
020A:0BE8  75 1E				jnz	loc_63			; Jump if not zero
020A:0BEA  80 0E 0097 40			or	byte ptr ds:[97h],40h	; (020A:0097=0) '@'
020A:0BEF  D2 E3				shl	bl,cl			; Shift w/zeros fill
020A:0BF1  0A C3				or	al,bl
020A:0BF3  B4 03				mov	ah,3
020A:0BF5  C4					db	0C4h
020A:0BF6  C4 16 2680				les	dx,dword ptr ds:[2680h]	; (020A:2680=2D9h) Load 32 bit ptr
020A:0BFA  97					xchg	di,ax
020A:0BFB  00 F8				add	al,bh
020A:0BFD  24 0F				and	al,0Fh
020A:0BFF  08 06 0097				or	byte ptr ds:[97h],al	; (020A:0097=0)
020A:0C03  80 26 0097 BF			and	byte ptr ds:[97h],0BFh	; (020A:0097=0)
020A:0C08			loc_63:
020A:0C08  58					pop	ax
020A:0C09  9E					sahf				; Store ah into flags
020A:0C0A  58					pop	ax
020A:0C0B  59					pop	cx
           temp.lst				Sourcer	v5.10   13-Sep-21   7:47 am   Page 13

020A:0C0C  5B					pop	bx
020A:0C0D  C3					retn
				sub_10		endp

020A:0C0E  C4					db	0C4h
							                        ;* No entry point to code
020A:0C0F  C4 18				les	bx,dword ptr [bx+si]	; Load 32 bit ptr
020A:0C11  E9 FA38				jmp	$-5C5h
020A:0C14  C4					db	0C4h
							                        ;* No entry point to code
020A:0C15  C4 19				les	bx,dword ptr [bx+di]	; Load 32 bit ptr
020A:0C17  E9 FA32				jmp	$-5CBh
020A:0C1A  C951			data_50		dw	0C951h
020A:0C1C  0007			data_51		dw	7
020A:0C1E  01			data_52		db	1
020A:0C1F  E8 FBB7				call	sub_2			; (07D9)
020A:0C22  80 FC 02				cmp	ah,2
020A:0C25  72 06				jb	loc_64			; Jump if below
020A:0C27  C4					db	0C4h
020A:0C28  C4 1A				les	bx,dword ptr [bp+si]	; Load 32 bit ptr
020A:0C2A  E9 FA1F				jmp	$-5DEh
020A:0C2D			loc_64:
020A:0C2D  1E					push	ds
020A:0C2E  53					push	bx
020A:0C2F  50					push	ax
020A:0C30  B8 0040				mov	ax,40h
020A:0C33  8E D8				mov	ds,ax
020A:0C35  58					pop	ax
020A:0C36  E8 FB80				call	sub_1			; (07B9)
020A:0C39  0A E4				or	ah,ah			; Zero ?
020A:0C3B  75 3F				jnz	loc_67			; Jump if not zero
020A:0C3D			loc_65:
020A:0C3D  A0 0070				mov	al,byte ptr ds:[70h]	; (0040:0070=0)
020A:0C40  8B 0E 006E				mov	cx,word ptr ds:[6Eh]	; (0040:006E=7)
020A:0C44  8B 16 006C				mov	dx,word ptr ds:[6Ch]	; (0040:006C=0C952h)
020A:0C48  2E: 39 0E 0C1C			cmp	cs:data_51,cx		; (020A:0C1C=7)
020A:0C4D  75 35				jne	loc_68			; Jump if not equal
020A:0C4F  2E: 8B 1E 0C1A			mov	bx,cs:data_50		; (020A:0C1A=0C951h)
020A:0C54  3B DA				cmp	bx,dx
020A:0C56  74 05				je	loc_66			; Jump if equal
020A:0C58  43					inc	bx
020A:0C59  3B DA				cmp	bx,dx
020A:0C5B  75 27				jne	loc_68			; Jump if not equal
020A:0C5D			loc_66:
020A:0C5D  2E: FE 06 0C1E			inc	cs:data_52		; (020A:0C1E=1)
020A:0C62  2E: 80 3E 0C1E 10			cmp	cs:data_52,10h		; (020A:0C1E=1)
020A:0C68  72 20				jb	loc_69			; Jump if below
020A:0C6A  E8 FB6C				call	sub_2			; (07D9)
020A:0C6D  33 C0				xor	ax,ax			; Zero register
020A:0C6F  2E: FF 0E 0C1A			dec	cs:data_50		; (020A:0C1A=0C951h)
020A:0C74  C4					db	0C4h
020A:0C75  C4 5A E8				les	bx,dword ptr [bp+si-18h]	; Load 32 bit ptr
020A:0C78  3F					aas				; Ascii adjust
020A:0C79  FB					sti				; Enable interrupts
020A:0C7A  EB C1				jmp	short loc_65		; (0C3D)
020A:0C7C			loc_67:
020A:0C7C  89 16 006C				mov	word ptr ds:[6Ch],dx	; (0040:006C=0C952h)
           temp.lst				Sourcer	v5.10   13-Sep-21   7:47 am   Page 14

020A:0C80  89 0E 006E				mov	word ptr ds:[6Eh],cx	; (0040:006E=7)
020A:0C84			loc_68:
020A:0C84  2E: C6 06 0C1E 00			mov	cs:data_52,0		; (020A:0C1E=1)
020A:0C8A			loc_69:
020A:0C8A  2E: 89 16 0C1A			mov	cs:data_50,dx		; (020A:0C1A=0C951h)
020A:0C8F  2E: 89 0E 0C1C			mov	cs:data_51,cx		; (020A:0C1C=7)
020A:0C94  C6 06 0070 00			mov	byte ptr ds:[70h],0	; (0040:0070=0)
020A:0C99  5B					pop	bx
020A:0C9A  1F					pop	ds
020A:0C9B  E9 F9AE				jmp	$-64Fh
020A:0C9E  C4					db	0C4h
							                        ;* No entry point to code
020A:0C9F  C4 1E A8E9				les	bx,dword ptr ds:[0A8E9h]	; (020A:A8E9=42Bh) Load 32 bit ptr
020A:0CA3  F9					stc				; Set carry flag
020A:0CA4  C4					db	0C4h
020A:0CA5  C4 70 E9				les	si,dword ptr [bx+si-17h]	; Load 32 bit ptr
020A:0CA8  A2 E8F9				mov	byte ptr ds:[0E8F9h],al	; (020A:E8F9=0E9h)
020A:0CAB  2C FB				sub	al,0FBh
020A:0CAD  CD 4A				int	4Ah			; RTC Alarm occurred
020A:0CAF  EB 01				jmp	short $+3		; delay for I/O
020A:0CB1  90					nop
020A:0CB2  EB 01				jmp	short $+3		; delay for I/O
020A:0CB4  90					nop
020A:0CB5  EB 01				jmp	short $+3		; delay for I/O
020A:0CB7  90					nop
020A:0CB8  E8 FAFE				call	sub_1			; (07B9)
020A:0CBB  C4					db	0C4h
020A:0CBC  C4					db	0C4h
020A:0CBD  FE C4				inc	ah
020A:0CBF  C4 71 CD				les	si,dword ptr [bx+di-33h]	; Load 32 bit ptr
020A:0CC2  0A E9				or	ch,cl
020A:0CC4  86 F9				xchg	bh,cl
020A:0CC6  C4					db	0C4h
020A:0CC7			loc_70:
020A:0CC7  C4 75 CD				les	si,dword ptr [di-33h]	; Load 32 bit ptr
020A:0CCA  02 E9				add	ch,cl
020A:0CCC  7E F9				jle	loc_70			; Jump if < or =
020A:0CCE  E8 FB08				call	sub_2			; (07D9)
020A:0CD1  EB 00				jmp	short $+2		; delay for I/O
020A:0CD3  EB 00				jmp	short $+2		; delay for I/O
020A:0CD5  EB 00				jmp	short $+2		; delay for I/O
020A:0CD7  C4					db	0C4h
020A:0CD8  C4					db	0C4h
020A:0CD9  FE					db	0FEh
020A:0CDA  EB 0B				jmp	short loc_72		; (0CE7)
							                        ;* No entry point to code
020A:0CDC  3C 2F				cmp	al,2Fh			; '/'
020A:0CDE  75 06				jne	loc_71			; Jump if not equal
020A:0CE0  44					inc	sp
020A:0CE1  D9					db	0D9h
020A:0CE2  02 4E 00				add	cl,[bp]
020A:0CE5  40					inc	ax
020A:0CE6			loc_71:
020A:0CE6  F8					clc				; Clear carry flag
020A:0CE7			loc_72:
020A:0CE7  C3					retn
020A:0CE8  48					dec	ax
           temp.lst				Sourcer	v5.10   13-Sep-21   7:47 am   Page 15

020A:0CE9  49					dec	cx
020A:0CEA  4D					dec	bp
020A:0CEB  45					inc	bp
020A:0CEC  4D					dec	bp
020A:0CED  20 20				and	[bx+si],ah
020A:0CEF  20 24				and	[si],ah
020A:0CF1  00 70 00		;*		add	[bx+si+0],dh
020A:0CF1  00 70 00				db	 00h, 70h, 00h
020A:0CF4  00 A0 0041				add	byte ptr ds:[41h][bx+si],ah	; (020A:0041=18h)
020A:0CF8  4C					dec	sp
020A:0CF9  00 58 4D				add	[bx+si+4Dh],bl
020A:0CFC  53					push	bx
020A:0CFD  58					pop	ax
020A:0CFE  58					pop	ax
020A:0CFF  58					pop	ax
020A:0D00  58					pop	ax
020A:0D01  30 DE				xor	dh,bl
020A:0D03  04 74				add	al,74h			; 't'
020A:0D05  00 82 FB04				add	[bp+si-4FCh],al
020A:0D09  8D 54 00				lea	dx,[si+0]		; Load effective addr
020A:0D0C  00 00				add	[bx+si],al
020A:0D0E  42					inc	dx
020A:0D0F  05 020A				add	ax,20Ah
020A:0D12  A4					movsb				; Mov [si] to es:[di]
020A:0D13  10 A7 0100				adc	byte ptr ds:[100h][bx],ah	; (020A:0100=28h)
020A:0D17  01 01				add	[bx+di],ax
020A:0D19  01 00				add	[bx+si],ax
020A:0D1B  01 00				add	[bx+si],ax
020A:0D1D  01 00				add	[bx+si],ax
020A:0D1F  01 00				add	[bx+si],ax
020A:0D21  000A[00]				db	10 dup (0)
020A:0D2B  02 01				add	al,[bx+di]
020A:0D2D  00					db	0
020A:0D2E  00 00				add	[bx+si],al
020A:0D30  00 2E 1E89				add	byte ptr ds:[1E89h],ch	; (020A:1E89=0)
020A:0D34  16					push	ss
020A:0D35  00 2E 068C				add	byte ptr ds:[68Ch],ch	; (020A:068C=2)
020A:0D39  18 00				sbb	[bx+si],al
020A:0D3B  CB					retf
							                        ;* No entry point to code
020A:0D3C  53					push	bx
020A:0D3D  1E					push	ds
020A:0D3E  2E: C5 1E 0016			lds	bx,dword ptr cs:[16h]	; (020A:0016=0) Load 32 bit ptr
020A:0D43  80 7F 02 10				cmp	byte ptr [bx+2],10h
020A:0D47  C7 47 03 0100			mov	word ptr [bx+3],100h
020A:0D4C  76 05				jbe	loc_73			; Jump if below or =
020A:0D4E  81 4F 03 8003			or	word ptr [bx+3],8003h
020A:0D53			loc_73:
020A:0D53  1F					pop	ds
020A:0D54  5B					pop	bx
020A:0D55  CB					retf
							                        ;* No entry point to code
020A:0D56  E8 03DB				call	$+3DEh
020A:0D59  80 FC 43				cmp	ah,43h			; 'C'
020A:0D5C  75 15				jne	loc_75			; Jump if not equal
020A:0D5E  0A C0				or	al,al			; Zero ?
020A:0D60  75 05				jnz	loc_74			; Jump if not zero
           temp.lst				Sourcer	v5.10   13-Sep-21   7:47 am   Page 16

020A:0D62  B0 80				mov	al,80h
020A:0D64  E9 03F5				jmp	$+3F8h
020A:0D67			loc_74:
020A:0D67  3C 10				cmp	al,10h
020A:0D69  75 08				jne	loc_75			; Jump if not equal
020A:0D6B  0E					push	cs
020A:0D6C  07					pop	es
020A:0D6D  BB 00AF				mov	bx,0AFh
020A:0D70  E9 03E9				jmp	$+3ECh
020A:0D73			loc_75:
020A:0D73  E8 039E		;*		call	sub_18			;*(1114)
020A:0D73  E8 9E 03				db	0E8h, 9Eh, 03h
020A:0D76  2E: FF 2E 0022			jmp	dword ptr cs:[22h]	; (020A:0022=0FFh)
							                        ;* No entry point to code
020A:0D7B  12 A0 0265				adc	ah,byte ptr ds:[265h][bx+si]	; (020A:0265=0)
020A:0D7F  98					cbw				; Convrt byte to word
020A:0D80  02 B2 D402				add	dh,[bp+si-2BFEh]
020A:0D84  02 F6				add	dh,dh
020A:0D86  02 30				add	dh,[bx+si]
020A:0D88  03 99 2B03				add	bx,word ptr ds:[2B03h][bx+di]	; (020A:2B03=0EFA0h)
020A:0D8C  A0 A03C				mov	al,byte ptr ds:[0A03Ch]	; (020A:A03C=84h)
020A:0D8F  94					xchg	sp,ax
020A:0D90  A0 A264				mov	al,byte ptr ds:[0A264h]	; (020A:A264=0)
020A:0D93  CF					iret				; Interrupt return
							                        ;* No entry point to code
020A:0D94  A0 A0FF				mov	al,byte ptr ds:[0A0FFh]	; (020A:A0FF=0)
020A:0D97  23 A1 A159				and	sp,word ptr ds:[0A159h][bx+di]	; (020A:A159=4A9h)
020A:0D9B  11 A2 A216				adc	[bp+si-5DEAh],sp
020A:0D9F  EB 03				jmp	short loc_76		; (0DA4)
020A:0DA1  90					nop
020A:0DA2  90					nop
020A:0DA3  90					nop
020A:0DA4			loc_76:
020A:0DA4  51					push	cx
020A:0DA5  56					push	si
020A:0DA6  57					push	di
020A:0DA7  1E					push	ds
020A:0DA8  06					push	es
020A:0DA9  9C					pushf				; Push flags
020A:0DAA  FC					cld				; Clear direction
020A:0DAB  1E					push	ds
020A:0DAC  07					pop	es
020A:0DAD  0E					push	cs
020A:0DAE  1F					pop	ds
020A:0DAF  50					push	ax
020A:0DB0  0A E4				or	ah,ah			; Zero ?
020A:0DB2  74 31				jz	loc_79			; Jump if zero
020A:0DB4  80 FC 12				cmp	ah,12h
020A:0DB7  72 07				jb	loc_77			; Jump if below
020A:0DB9  58					pop	ax
020A:0DBA  33 C0				xor	ax,ax			; Zero register
020A:0DBC  B3 80				mov	bl,80h
020A:0DBE  EB 72				jmp	short loc_83		; (0E32)
020A:0DC0			loc_77:
020A:0DC0  9C					pushf				; Push flags
020A:0DC1  E8 0350		;*		call	sub_18			;*(1114)
020A:0DC1  E8 50 03				db	0E8h, 50h, 03h
           temp.lst				Sourcer	v5.10   13-Sep-21   7:47 am   Page 17

020A:0DC4  83 3E 0020 00			cmp	word ptr data_7+2,0	; (020A:0020=0A3B9h)
020A:0DC9  75 05				jne	loc_78			; Jump if not equal
020A:0DCB  52					push	dx
020A:0DCC  E8 0076				call	sub_12			; (0E45)
020A:0DCF  5A					pop	dx
020A:0DD0			loc_78:
020A:0DD0  0E					push	cs
020A:0DD1  FF 16 0014				call	word ptr ds:[14h]	; (020A:0014=0E0Dh)
020A:0DD5  80 3E 002C 00			cmp	byte ptr ds:[2Ch],0	; (020A:002C=39h)
020A:0DDA  74 09				je	loc_79			; Jump if equal
020A:0DDC  58					pop	ax
020A:0DDD  33 C0				xor	ax,ax			; Zero register
020A:0DDF  B3 81				mov	bl,81h
020A:0DE1  33 D2				xor	dx,dx			; Zero register
020A:0DE3  EB 4D				jmp	short loc_83		; (0E32)
020A:0DE5			loc_79:
020A:0DE5  58					pop	ax
020A:0DE6  50					push	ax
020A:0DE7  8A C4				mov	al,ah
020A:0DE9  32 E4				xor	ah,ah			; Zero register
020A:0DEB  D1 E0				shl	ax,1			; Shift w/zeros fill
020A:0DED  8B F8				mov	di,ax
020A:0DEF  58					pop	ax
020A:0DF0  8B BD 008B				mov	di,word ptr ds:[8Bh][di]	; (020A:008B=504Fh)
020A:0DF4  0B FF				or	di,di			; Zero ?
020A:0DF6  79 38				jns	loc_82			; Jump if not sign
020A:0DF8  80 3E 002B 00			cmp	byte ptr ds:[2Bh],0	; (020A:002B=38h)
020A:0DFD  74 12				je	loc_80			; Jump if equal
020A:0DFF  56					push	si
020A:0E00  57					push	di
020A:0E01  50					push	ax
020A:0E02  53					push	bx
020A:0E03  51					push	cx
020A:0E04  E8 01DF				call	sub_14			; (0FE6)
020A:0E07  3D 0001				cmp	ax,1
020A:0E0A  59					pop	cx
020A:0E0B  5B					pop	bx
020A:0E0C  58					pop	ax
020A:0E0D  5F					pop	di
020A:0E0E  5E					pop	si
020A:0E0F  75 17				jnz	loc_81			; Jump if not zero
020A:0E11			loc_80:
020A:0E11  0E E8 002A				callf	sub_11			; (0E3F)
020A:0E15  80 3E 002B 00			cmp	byte ptr ds:[2Bh],0	; (020A:002B=38h)
020A:0E1A  74 16				je	loc_83			; Jump if equal
020A:0E1C  50					push	ax
020A:0E1D  53					push	bx
020A:0E1E  E8 01FF				call	sub_15			; (1020)
020A:0E21  3D 0001				cmp	ax,1
020A:0E24  5B					pop	bx
020A:0E25  58					pop	ax
020A:0E26  74 0A				jz	loc_83			; Jump if zero
020A:0E28			loc_81:
020A:0E28  33 C0				xor	ax,ax			; Zero register
020A:0E2A  33 D2				xor	dx,dx			; Zero register
020A:0E2C  B3 82				mov	bl,82h
020A:0E2E  EB 02				jmp	short loc_83		; (0E32)
           temp.lst				Sourcer	v5.10   13-Sep-21   7:47 am   Page 18

020A:0E30			loc_82:
020A:0E30  FF D7				call	di			;*
020A:0E32			loc_83:
020A:0E32  0E					push	cs
020A:0E33  FF 16 0014				call	word ptr ds:[14h]	; (020A:0014=0E0Dh)
020A:0E37  07					pop	es
020A:0E38  1F					pop	ds
020A:0E39  5F					pop	di
020A:0E3A  5E					pop	si
020A:0E3B  59					pop	cx
020A:0E3C  CB					retf				; Return far
020A:0E3D  6E					db	6Eh
020A:0E3E  FB					sti				; Enable interrupts

				;ﬂﬂﬂﬂﬂﬂﬂﬂﬂﬂﬂﬂﬂﬂﬂﬂﬂﬂﬂﬂﬂﬂﬂﬂﬂﬂﬂﬂﬂﬂﬂﬂﬂﬂﬂﬂﬂﬂﬂﬂﬂﬂﬂﬂﬂﬂﬂﬂﬂﬂﬂﬂﬂﬂﬂﬂﬂﬂﬂﬂﬂﬂﬂﬂﬂﬂﬂﬂﬂﬂﬂﬂﬂﬂ
				;                              SUBROUTINE
				;‹‹‹‹‹‹‹‹‹‹‹‹‹‹‹‹‹‹‹‹‹‹‹‹‹‹‹‹‹‹‹‹‹‹‹‹‹‹‹‹‹‹‹‹‹‹‹‹‹‹‹‹‹‹‹‹‹‹‹‹‹‹‹‹‹‹‹‹‹‹‹‹‹‹

				sub_11		proc	near
020A:0E3F  FF 36 014D				push	word ptr ds:[14Dh]	; (020A:014D=5582h)
020A:0E43  57					push	di
020A:0E44  CB					retf				; Return far
				sub_11		endp


				;ﬂﬂﬂﬂﬂﬂﬂﬂﬂﬂﬂﬂﬂﬂﬂﬂﬂﬂﬂﬂﬂﬂﬂﬂﬂﬂﬂﬂﬂﬂﬂﬂﬂﬂﬂﬂﬂﬂﬂﬂﬂﬂﬂﬂﬂﬂﬂﬂﬂﬂﬂﬂﬂﬂﬂﬂﬂﬂﬂﬂﬂﬂﬂﬂﬂﬂﬂﬂﬂﬂﬂﬂﬂﬂ
				;                              SUBROUTINE
				;‹‹‹‹‹‹‹‹‹‹‹‹‹‹‹‹‹‹‹‹‹‹‹‹‹‹‹‹‹‹‹‹‹‹‹‹‹‹‹‹‹‹‹‹‹‹‹‹‹‹‹‹‹‹‹‹‹‹‹‹‹‹‹‹‹‹‹‹‹‹‹‹‹‹

				sub_12		proc	near
020A:0E45  06					push	es
020A:0E46  E8 0071				call	sub_13			; (0EBA)
020A:0E49  80 3E 002C 00			cmp	byte ptr ds:[2Ch],0	; (020A:002C=39h)
020A:0E4E  74 02				je	loc_84			; Jump if equal
020A:0E50  07					pop	es
020A:0E51  C3					retn
020A:0E52			loc_84:
020A:0E52  B8 020D				mov	ax,20Dh
020A:0E55  C4					db	0C4h
020A:0E56  C4 52 09				les	dx,dword ptr [bp+si+9]	; Load 32 bit ptr
020A:0E59  C4 36 001A				les	si,dword ptr ds:[1Ah]	; (020A:001A=0AE9Ch) Load 32 bit ptr
020A:0E5D  26: 87 04				xchg	es:[si],ax
020A:0E60  A3 001E				mov	word ptr ds:[1Eh],ax	; (020A:001E=961Fh)
020A:0E63  8C C8				mov	ax,cs
020A:0E65  26: 87 44 02				xchg	es:[si+2],ax
020A:0E69  A3 0020				mov	word ptr data_7+2,ax	; (020A:0020=0A3B9h)
020A:0E6C  8B C1				mov	ax,cx
020A:0E6E  3D 3C00				cmp	ax,3C00h
020A:0E71  72 03				jb	loc_85			; Jump if below
020A:0E73  B8 3C00				mov	ax,3C00h
020A:0E76			loc_85:
020A:0E76  2B 06 0037				sub	ax,word ptr ds:[37h]	; (020A:0037=0)
020A:0E7A  3D 0040				cmp	ax,40h
020A:0E7D  72 0C				jb	loc_86			; Jump if below
020A:0E7F  83 3E 0035 00			cmp	word ptr ds:[35h],0	; (020A:0035=80Fh)
020A:0E84  75 05				jne	loc_86			; Jump if not equal
020A:0E86  C6 06 0029 01			mov	byte ptr ds:[29h],1	; (020A:0029=14h)
           temp.lst				Sourcer	v5.10   13-Sep-21   7:47 am   Page 19

020A:0E8B			loc_86:
020A:0E8B  0B C0				or	ax,ax			; Zero ?
020A:0E8D  74 20				jz	loc_89			; Jump if zero
020A:0E8F  B9 0400				mov	cx,400h
020A:0E92  33 DB				xor	bx,bx			; Zero register
020A:0E94  80 3E 0029 00			cmp	byte ptr ds:[29h],0	; (020A:0029=14h)
020A:0E99  74 03				je	loc_87			; Jump if equal
020A:0E9B  BB 0040				mov	bx,40h
020A:0E9E			loc_87:
020A:0E9E  3B 1E 0035				cmp	bx,word ptr ds:[35h]	; (020A:0035=80Fh)
020A:0EA2  73 04				jae	loc_88			; Jump if above or =
020A:0EA4  8B 1E 0035				mov	bx,word ptr ds:[35h]	; (020A:0035=80Fh)
020A:0EA8			loc_88:
020A:0EA8  03 CB				add	cx,bx
020A:0EAA  2B C3				sub	ax,bx
020A:0EAC  E8 01E2				call	sub_17			; (1091)
020A:0EAF			loc_89:
020A:0EAF  07					pop	es
020A:0EB0  C3					retn
				sub_12		endp

							                        ;* No entry point to code
020A:0EB1  13 00				adc	ax,[bx+si]
020A:0EB3  FF					db	0FFh
020A:0EB4  FF 56 44				call	word ptr [bp+44h]	;*
020A:0EB7  49					dec	cx
020A:0EB8  53					push	bx
020A:0EB9  4B					dec	bx

				;ﬂﬂﬂﬂﬂﬂﬂﬂﬂﬂﬂﬂﬂﬂﬂﬂﬂﬂﬂﬂﬂﬂﬂﬂﬂﬂﬂﬂﬂﬂﬂﬂﬂﬂﬂﬂﬂﬂﬂﬂﬂﬂﬂﬂﬂﬂﬂﬂﬂﬂﬂﬂﬂﬂﬂﬂﬂﬂﬂﬂﬂﬂﬂﬂﬂﬂﬂﬂﬂﬂﬂﬂﬂﬂ
				;                              SUBROUTINE
				;‹‹‹‹‹‹‹‹‹‹‹‹‹‹‹‹‹‹‹‹‹‹‹‹‹‹‹‹‹‹‹‹‹‹‹‹‹‹‹‹‹‹‹‹‹‹‹‹‹‹‹‹‹‹‹‹‹‹‹‹‹‹‹‹‹‹‹‹‹‹‹‹‹‹

				sub_13		proc	near
020A:0EBA  06					push	es
020A:0EBB  33 C0				xor	ax,ax			; Zero register
020A:0EBD  8E C0				mov	es,ax
020A:0EBF  26: 8E 06 0066			mov	es,word ptr es:[66h]	; (0000:0066=20Ah)
020A:0EC4  BF 0012				mov	di,12h
020A:0EC7  BE 01C5				mov	si,1C5h
020A:0ECA  B9 0005				mov	cx,5
020A:0ECD  FC					cld				; Clear direction
020A:0ECE  F3/ A6				repe	cmpsb			; Rep zf=1+cx >0 Cmp [si] to es:[di]
020A:0ED0  07					pop	es
020A:0ED1  74 24				jz	loc_90			; Jump if zero
020A:0ED3  E8 0110				call	sub_14			; (0FE6)
020A:0ED6  06					push	es
020A:0ED7  2E: C4 3E 01C1			les	di,dword ptr cs:[1C1h]	; (020A:01C1=0) Load 32 bit ptr
020A:0EDC  BE 01C5				mov	si,1C5h
020A:0EDF  B9 0005				mov	cx,5
020A:0EE2  FC					cld				; Clear direction
020A:0EE3  F3/ A6				repe	cmpsb			; Rep zf=1+cx >0 Cmp [si] to es:[di]
020A:0EE5  07					pop	es
020A:0EE6  9C					pushf				; Push flags
020A:0EE7  E8 0136				call	sub_15			; (1020)
020A:0EEA  0E					push	cs
020A:0EEB  FF 16 0014				call	word ptr ds:[14h]	; (020A:0014=0E0Dh)
           temp.lst				Sourcer	v5.10   13-Sep-21   7:47 am   Page 20

020A:0EEF  74 06				jz	loc_90			; Jump if zero
020A:0EF1  C6 06 002C 00			mov	byte ptr ds:[2Ch],0	; (020A:002C=39h)
020A:0EF6  C3					retn
020A:0EF7			loc_90:
020A:0EF7  C6 06 002C 01			mov	byte ptr ds:[2Ch],1	; (020A:002C=39h)
020A:0EFC  C3					retn
				sub_13		endp

							                        ;* No entry point to code
020A:0EFD  80 FC 88				cmp	ah,88h
020A:0F00  74 0A				je	loc_91			; Jump if equal
020A:0F02  80 FC 87				cmp	ah,87h
020A:0F05  74 0C				je	loc_92			; Jump if equal
020A:0F07  2E: FF 2E 001E			jmp	dword ptr cs:[1Eh]	; (020A:001E=961Fh)
020A:0F0C			loc_91:
020A:0F0C  2E: A1 0035				mov	ax,word ptr cs:[35h]	; (020A:0035=80Fh)
020A:0F10  E9 0249				jmp	$+24Ch
020A:0F13			loc_92:
020A:0F13  E8 01FE		;*		call	sub_18			;*(1114)
020A:0F13  E8 FE 01				db	0E8h,0FEh, 01h
020A:0F16  83 EC 04				sub	sp,4
020A:0F19  60					db	60h
020A:0F1A  E8 016C				call	sub_16			; (1089)
020A:0F1D  8B EC				mov	bp,sp
020A:0F1F  89 46 12				mov	[bp+12h],ax
020A:0F22  8B 46 18				mov	ax,[bp+18h]
020A:0F25  89 46 10				mov	[bp+10h],ax
020A:0F28  61					db	61h
020A:0F29  2E: FF 1E 001E			call	dword ptr cs:[1Eh]	; (020A:001E=961Fh)
020A:0F2E  50					push	ax
020A:0F2F  9C					pushf				; Push flags
020A:0F30  55					push	bp
020A:0F31  8B EC				mov	bp,sp
020A:0F33  8B 46 02				mov	ax,[bp+2]
020A:0F36  89 46 0C				mov	[bp+0Ch],ax
020A:0F39  83 7E 06 00				cmp	word ptr [bp+6],0
020A:0F3D  5D					pop	bp
020A:0F3E  58					pop	ax
020A:0F3F  58					pop	ax
020A:0F40  74 0B				jz	loc_93			; Jump if zero
020A:0F42  E8 01CF		;*		call	sub_18			;*(1114)
020A:0F42  E8 CF 01				db	0E8h,0CFh, 01h
020A:0F45  60					db	60h
020A:0F46  B8 0001				mov	ax,1
020A:0F49  E8 0272				call	$+275h
020A:0F4C  61					db	61h
020A:0F4D			loc_93:
020A:0F4D  83 C4 02				add	sp,2
020A:0F50  E9 0209				jmp	$+20Ch
							                        ;* No entry point to code
020A:0F53  00 00				add	[bx+si],al
020A:0F55  E8 01BC		;*		call	sub_18			;*(1114)
020A:0F55  E8 BC 01				db	0E8h,0BCh, 01h
020A:0F58  B3 91				mov	bl,91h
020A:0F5A  3C 40				cmp	al,40h			; '@'
020A:0F5C  75 06				jne	loc_94			; Jump if not equal
020A:0F5E  3B 16 0263				cmp	dx,word ptr ds:[263h]	; (020A:0263=0)
           temp.lst				Sourcer	v5.10   13-Sep-21   7:47 am   Page 21

020A:0F62  74 21				je	loc_95			; Jump if equal
020A:0F64			loc_94:
020A:0F64  80 3E 0026 01			cmp	byte ptr ds:[26h],1	; (020A:0026=3)
020A:0F69  74 1A				je	loc_95			; Jump if equal
020A:0F6B  B3 90				mov	bl,90h
020A:0F6D  80 3E 0029 00			cmp	byte ptr ds:[29h],0	; (020A:0029=14h)
020A:0F72  74 11				je	loc_95			; Jump if equal
020A:0F74  B3 92				mov	bl,92h
020A:0F76  3B 16 0033				cmp	dx,word ptr ds:[33h]	; (020A:0033=0Ch)
020A:0F7A  72 09				jb	loc_95			; Jump if below
020A:0F7C  B8 0001				mov	ax,1
020A:0F7F  A2 0026				mov	byte ptr ds:[26h],al	; (020A:0026=3)
020A:0F82  32 DB				xor	bl,bl			; Zero register
020A:0F84  C3					retn
020A:0F85			loc_95:
020A:0F85  33 C0				xor	ax,ax			; Zero register
020A:0F87  C3					retn
							                        ;* No entry point to code
020A:0F88  E8 0189		;*		call	sub_18			;*(1114)
020A:0F88  E8 89 01				db	0E8h, 89h, 01h
020A:0F8B  A0 0026				mov	al,byte ptr ds:[26h]	; (020A:0026=3)
020A:0F8E  0A C0				or	al,al			; Zero ?
020A:0F90  74 0B				jz	loc_96			; Jump if zero
020A:0F92  C6 06 0026 00			mov	byte ptr ds:[26h],0	; (020A:0026=3)
020A:0F97  B8 0001				mov	ax,1
020A:0F9A  32 DB				xor	bl,bl			; Zero register
020A:0F9C  C3					retn
020A:0F9D			loc_96:
020A:0F9D  33 C0				xor	ax,ax			; Zero register
020A:0F9F  B3 93				mov	bl,93h
020A:0FA1  C3					retn
							                        ;* No entry point to code
020A:0FA2  E8 016F		;*		call	sub_18			;*(1114)
020A:0FA2  E8 6F 01				db	0E8h, 6Fh, 01h
020A:0FA5  83 3E 0031 01			cmp	word ptr ds:[31h],1	; (020A:0031=3F3Eh)
020A:0FAA  74 0D				je	loc_97			; Jump if equal
020A:0FAC  E8 0037				call	sub_14			; (0FE6)
020A:0FAF  0B C0				or	ax,ax			; Zero ?
020A:0FB1  74 0C				jz	loc_98			; Jump if zero
020A:0FB3  C7 06 0031 0001			mov	word ptr ds:[31h],1	; (020A:0031=3F3Eh)
020A:0FB9			loc_97:
020A:0FB9  B8 0001				mov	ax,1
020A:0FBC  32 DB				xor	bl,bl			; Zero register
020A:0FBE  C3					retn
020A:0FBF			loc_98:
020A:0FBF  B3 82				mov	bl,82h
020A:0FC1  33 C0				xor	ax,ax			; Zero register
020A:0FC3  C3					retn
							                        ;* No entry point to code
020A:0FC4  E8 014D		;*		call	sub_18			;*(1114)
020A:0FC4  E8 4D 01				db	0E8h, 4Dh, 01h
020A:0FC7  83 3E 0031 00			cmp	word ptr ds:[31h],0	; (020A:0031=3F3Eh)
020A:0FCC  74 0D				je	loc_99			; Jump if equal
020A:0FCE  E8 004F				call	sub_15			; (1020)
020A:0FD1  0B C0				or	ax,ax			; Zero ?
020A:0FD3  74 0C				jz	loc_100			; Jump if zero
020A:0FD5  C7 06 0031 0000			mov	word ptr ds:[31h],0	; (020A:0031=3F3Eh)
           temp.lst				Sourcer	v5.10   13-Sep-21   7:47 am   Page 22

020A:0FDB			loc_99:
020A:0FDB  B8 0001				mov	ax,1
020A:0FDE  32 DB				xor	bl,bl			; Zero register
020A:0FE0  C3					retn
020A:0FE1			loc_100:
020A:0FE1  B3 82				mov	bl,82h
020A:0FE3  33 C0				xor	ax,ax			; Zero register
020A:0FE5  C3					retn

				;ﬂﬂﬂﬂﬂﬂﬂﬂﬂﬂﬂﬂﬂﬂﬂﬂﬂﬂﬂﬂﬂﬂﬂﬂﬂﬂﬂﬂﬂﬂﬂﬂﬂﬂﬂﬂﬂﬂﬂﬂﬂﬂﬂﬂﬂﬂﬂﬂﬂﬂﬂﬂﬂﬂﬂﬂﬂﬂﬂﬂﬂﬂﬂﬂﬂﬂﬂﬂﬂﬂﬂﬂﬂﬂ
				;                              SUBROUTINE
				;‹‹‹‹‹‹‹‹‹‹‹‹‹‹‹‹‹‹‹‹‹‹‹‹‹‹‹‹‹‹‹‹‹‹‹‹‹‹‹‹‹‹‹‹‹‹‹‹‹‹‹‹‹‹‹‹‹‹‹‹‹‹‹‹‹‹‹‹‹‹‹‹‹‹

				sub_14		proc	near
020A:0FE6  E8 012B		;*		call	sub_18			;*(1114)
020A:0FE6  E8 2B 01				db	0E8h, 2Bh, 01h
020A:0FE9  80 3E 0027 01			cmp	byte ptr ds:[27h],1	; (020A:0027=4)
020A:0FEE  75 25				jne	loc_104			; Jump if not equal
020A:0FF0  C6 06 003B 03			mov	byte ptr ds:[3Bh],3	; (020A:003B=0)
020A:0FF5  83 3E 002F 00			cmp	word ptr ds:[2Fh],0	; (020A:002F=3D3Ch)
020A:0FFA  74 07				je	loc_102			; Jump if equal
020A:0FFC			loc_101:
020A:0FFC  E8 008A				call	sub_16			; (1089)
020A:0FFF  0B C0				or	ax,ax			; Zero ?
020A:1001  75 0E				jnz	loc_103			; Jump if not zero
020A:1003			loc_102:
020A:1003  B8 0001				mov	ax,1
020A:1006  E8 01B5				call	$+1B8h
020A:1009  FE 0E 003B				dec	byte ptr ds:[3Bh]	; (020A:003B=0)
020A:100D  75 ED				jnz	loc_101			; Jump if not zero
020A:100F  EB 0A				jmp	short loc_105		; (101B)
020A:1011			loc_103:
020A:1011  FF 06 002F				inc	word ptr ds:[2Fh]	; (020A:002F=3D3Ch)
020A:1015			loc_104:
020A:1015  B8 0001				mov	ax,1
020A:1018  32 DB				xor	bl,bl			; Zero register
020A:101A  C3					retn
020A:101B			loc_105:
020A:101B  B3 82				mov	bl,82h
020A:101D  33 C0				xor	ax,ax			; Zero register
020A:101F  C3					retn
				sub_14		endp


				;ﬂﬂﬂﬂﬂﬂﬂﬂﬂﬂﬂﬂﬂﬂﬂﬂﬂﬂﬂﬂﬂﬂﬂﬂﬂﬂﬂﬂﬂﬂﬂﬂﬂﬂﬂﬂﬂﬂﬂﬂﬂﬂﬂﬂﬂﬂﬂﬂﬂﬂﬂﬂﬂﬂﬂﬂﬂﬂﬂﬂﬂﬂﬂﬂﬂﬂﬂﬂﬂﬂﬂﬂﬂﬂ
				;                              SUBROUTINE
				;‹‹‹‹‹‹‹‹‹‹‹‹‹‹‹‹‹‹‹‹‹‹‹‹‹‹‹‹‹‹‹‹‹‹‹‹‹‹‹‹‹‹‹‹‹‹‹‹‹‹‹‹‹‹‹‹‹‹‹‹‹‹‹‹‹‹‹‹‹‹‹‹‹‹

				sub_15		proc	near
020A:1020  E8 00F1		;*		call	sub_18			;*(1114)
020A:1020  E8 F1 00				db	0E8h,0F1h, 00h
020A:1023  80 3E 0027 00			cmp	byte ptr ds:[27h],0	; (020A:0027=4)
020A:1028  74 34				je	loc_110			; Jump if equal
020A:102A  83 3E 002F 00			cmp	word ptr ds:[2Fh],0	; (020A:002F=3D3Ch)
020A:102F  74 33				je	loc_111			; Jump if equal
020A:1031  C6 06 003B 03			mov	byte ptr ds:[3Bh],3	; (020A:003B=0)
020A:1036			loc_106:
           temp.lst				Sourcer	v5.10   13-Sep-21   7:47 am   Page 23

020A:1036  E8 0050				call	sub_16			; (1089)
020A:1039  83 3E 002F 01			cmp	word ptr ds:[2Fh],1	; (020A:002F=3D3Ch)
020A:103E  75 08				jne	loc_107			; Jump if not equal
020A:1040  0B C0				or	ax,ax			; Zero ?
020A:1042  74 16				jz	loc_109			; Jump if zero
020A:1044  33 C0				xor	ax,ax			; Zero register
020A:1046  EB 07				jmp	short loc_108		; (104F)
020A:1048			loc_107:
020A:1048  0B C0				or	ax,ax			; Zero ?
020A:104A  75 0E				jnz	loc_109			; Jump if not zero
020A:104C  B8 0001				mov	ax,1
020A:104F			loc_108:
020A:104F  E8 016C				call	$+16Fh
020A:1052  FE 0E 003B				dec	byte ptr ds:[3Bh]	; (020A:003B=0)
020A:1056  75 DE				jnz	loc_106			; Jump if not zero
020A:1058  EB 0A				jmp	short loc_111		; (1064)
020A:105A			loc_109:
020A:105A  FF 0E 002F				dec	word ptr ds:[2Fh]	; (020A:002F=3D3Ch)
020A:105E			loc_110:
020A:105E  B8 0001				mov	ax,1
020A:1061  32 DB				xor	bl,bl			; Zero register
020A:1063  C3					retn
020A:1064			loc_111:
020A:1064  B3 82				mov	bl,82h
020A:1066  33 C0				xor	ax,ax			; Zero register
020A:1068  C3					retn
				sub_15		endp

							                        ;* No entry point to code
020A:1069  2E: 80 3E 002B 00			cmp	byte ptr cs:[2Bh],0	; (020A:002B=38h)
020A:106F  74 04				je	loc_112			; Jump if equal
020A:1071  B8 0001				mov	ax,1
020A:1074  CB					retf				; Return far
020A:1075			loc_112:
020A:1075  E8 FF6E				call	sub_14			; (0FE6)
020A:1078  CB					retf
							                        ;* No entry point to code
020A:1079  2E: 80 3E 002B 00			cmp	byte ptr cs:[2Bh],0	; (020A:002B=38h)
020A:107F  74 04				je	loc_113			; Jump if equal
020A:1081  B8 0001				mov	ax,1
020A:1084  CB					retf				; Return far
020A:1085			loc_113:
020A:1085  E8 FF98				call	sub_15			; (1020)
020A:1088  CB					retf				; Return far

				;ﬂﬂﬂﬂﬂﬂﬂﬂﬂﬂﬂﬂﬂﬂﬂﬂﬂﬂﬂﬂﬂﬂﬂﬂﬂﬂﬂﬂﬂﬂﬂﬂﬂﬂﬂﬂﬂﬂﬂﬂﬂﬂﬂﬂﬂﬂﬂﬂﬂﬂﬂﬂﬂﬂﬂﬂﬂﬂﬂﬂﬂﬂﬂﬂﬂﬂﬂﬂﬂﬂﬂﬂﬂﬂ
				;                              SUBROUTINE
				;‹‹‹‹‹‹‹‹‹‹‹‹‹‹‹‹‹‹‹‹‹‹‹‹‹‹‹‹‹‹‹‹‹‹‹‹‹‹‹‹‹‹‹‹‹‹‹‹‹‹‹‹‹‹‹‹‹‹‹‹‹‹‹‹‹‹‹‹‹‹‹‹‹‹

				sub_16		proc	near
020A:1089  2E: A0 003C				mov	al,byte ptr cs:[3Ch]	; (020A:003C=10h)
020A:108D  98					cbw				; Convrt byte to word
020A:108E  32 DB				xor	bl,bl			; Zero register
020A:1090  C3					retn
				sub_16		endp


           temp.lst				Sourcer	v5.10   13-Sep-21   7:47 am   Page 24

				;ﬂﬂﬂﬂﬂﬂﬂﬂﬂﬂﬂﬂﬂﬂﬂﬂﬂﬂﬂﬂﬂﬂﬂﬂﬂﬂﬂﬂﬂﬂﬂﬂﬂﬂﬂﬂﬂﬂﬂﬂﬂﬂﬂﬂﬂﬂﬂﬂﬂﬂﬂﬂﬂﬂﬂﬂﬂﬂﬂﬂﬂﬂﬂﬂﬂﬂﬂﬂﬂﬂﬂﬂﬂﬂ
				;                              SUBROUTINE
				;‹‹‹‹‹‹‹‹‹‹‹‹‹‹‹‹‹‹‹‹‹‹‹‹‹‹‹‹‹‹‹‹‹‹‹‹‹‹‹‹‹‹‹‹‹‹‹‹‹‹‹‹‹‹‹‹‹‹‹‹‹‹‹‹‹‹‹‹‹‹‹‹‹‹

				sub_17		proc	near
020A:1091  8B D0				mov	dx,ax
020A:1093  8B F1				mov	si,cx
020A:1095  33 FF				xor	di,di			; Zero register
020A:1097  06					push	es
020A:1098  8E 06 014D				mov	es,word ptr ds:[14Dh]	; (020A:014D=5582h)
020A:109C  26: 8B 1E A004			mov	bx,word ptr es:[0A004h]	; (5582:A004=0FFFFh)
020A:10A1  26: 8B 0E A008			mov	cx,word ptr es:[0A008h]	; (5582:A008=0FFFFh)

020A:10A6			locloop_114:
020A:10A6  26: 80 3F 04				cmp	byte ptr es:[bx],4
020A:10AA  75 08				jne	loc_115			; Jump if not equal
020A:10AC  0B FF				or	di,di			; Zero ?
020A:10AE  75 48				jnz	loc_118			; Jump if not zero
020A:10B0  8B FB				mov	di,bx
020A:10B2  EB 44				jmp	short loc_118		; (10F8)
020A:10B4			loc_115:
020A:10B4  26: 80 3F 01				cmp	byte ptr es:[bx],1
020A:10B8  75 3E				jne	loc_118			; Jump if not equal
020A:10BA  26: 8B 47 02				mov	ax,es:[bx+2]
020A:10BE  26: 03 47 04				add	ax,es:[bx+4]
020A:10C2  3B C6				cmp	ax,si
020A:10C4  72 32				jb	loc_118			; Jump if below
020A:10C6  8B C6				mov	ax,si
020A:10C8  03 C2				add	ax,dx
020A:10CA  26: 3B 47 02				cmp	ax,es:[bx+2]
020A:10CE  72 28				jb	loc_118			; Jump if below
020A:10D0  26: 3B 77 02				cmp	si,es:[bx+2]
020A:10D4  76 08				jbe	loc_116			; Jump if below or =
020A:10D6  03 D6				add	dx,si
020A:10D8  26: 8B 77 02				mov	si,es:[bx+2]
020A:10DC  2B D6				sub	dx,si
020A:10DE			loc_116:
020A:10DE  26: 8B 47 02				mov	ax,es:[bx+2]
020A:10E2  26: 03 47 04				add	ax,es:[bx+4]
020A:10E6  2B C2				sub	ax,dx
020A:10E8  2B C6				sub	ax,si
020A:10EA  76 02				jbe	loc_117			; Jump if below or =
020A:10EC  03 D0				add	dx,ax
020A:10EE			loc_117:
020A:10EE  26: C6 07 04				mov	byte ptr es:[bx],4
020A:10F2  0B FF				or	di,di			; Zero ?
020A:10F4  75 02				jnz	loc_118			; Jump if not zero
020A:10F6  8B FB				mov	di,bx
020A:10F8			loc_118:
020A:10F8  83 C3 06				add	bx,6
020A:10FB  E2 A9				loop	locloop_114		; Loop if cx > 0

020A:10FD  0B FF				or	di,di			; Zero ?
020A:10FF  74 11		;*		jz	loc_119			;*Jump if zero
020A:10FF  74 11				db	 74h, 11h
020A:1101  26: C6 45 01 00			mov	byte ptr es:[di+1],0
020A:1106  26: C6 05 01				mov	byte ptr es:[di],1
           temp.lst				Sourcer	v5.10   13-Sep-21   7:47 am   Page 25

020A:110A  26: 89 75 02				mov	es:[di+2],si
020A:110E  26: 89 55 04				mov	es:[di+4],dx

